0 silly argv {
0 silly argv   _: [ 'exec' ],
0 silly argv   scope: '@lesscode/common',
0 silly argv   args: [ 'run', 'build' ],
0 silly argv   lernaVersion: '8.1.6',
0 silly argv   '$0': 'node_modules/lerna/dist/cli.js',
0 silly argv   cmd: 'npm'
0 silly argv }
1 notice cli v8.1.6
2 verbose packageConfigs Explicit "packages" configuration found in lerna.json. Resolving packages using the configured glob(s): ["packages/*"]
3 verbose rootPath /Users/leodeng/Documents/LessCode
4 error Failed to process project graph. Run "nx reset" to fix this. Please report the issue if you keep seeing it.
4 error   An error occurred while processing files for the nx/core/package-json-workspaces plugin.
4 error     - packages/web/package.json: PropertyNameExpected in /Users/leodeng/Documents/LessCode/packages/web/package.json at 15:1
4 error   [0m [90m 13 | [39m    "@types/node": "^20.14.10",[0m
4 error   [0m [90m 14 | [39m    "@vue/repl": "^4.3.1",[0m
4 error   [0m[31m[1m>[22m[39m[90m 15 | [39m3.4.29    "vue": "^",[0m
4 error   [0m [90m    | [39m[31m[1m^[22m[39m[31m[1m^[22m[39m[31m[1m^[22m[39m[0m
4 error   [0m [90m 16 | [39m    "vue-router": "^4.4.0"[0m
4 error   [0m [90m 17 | [39m  },[0m
4 error   [0m [90m 18 | [39m  "devDependencies": {[0m
4 error
4 error       Error: PropertyNameExpected in /Users/leodeng/Documents/LessCode/packages/web/package.json at 15:1
4 error       [0m [90m 13 | [39m    "@types/node": "^20.14.10",[0m
4 error       [0m [90m 14 | [39m    "@vue/repl": "^4.3.1",[0m
4 error       [0m[31m[1m>[22m[39m[90m 15 | [39m3.4.29    "vue": "^",[0m
4 error       [0m [90m    | [39m[31m[1m^[22m[39m[31m[1m^[22m[39m[31m[1m^[22m[39m[0m
4 error       [0m [90m 16 | [39m    "vue-router": "^4.4.0"[0m
4 error       [0m [90m 17 | [39m  },[0m
4 error       [0m [90m 18 | [39m  "devDependencies": {[0m
4 error
4 error           at parseJson (/Users/leodeng/Documents/LessCode/node_modules/.pnpm/nx@19.4.2/node_modules/nx/src/utils/json.js:27:15)
4 error           at readJsonFile (/Users/leodeng/Documents/LessCode/node_modules/.pnpm/nx@19.4.2/node_modules/nx/src/utils/fileutils.js:22:37)
4 error           at createNodeFromPackageJson (/Users/leodeng/Documents/LessCode/node_modules/.pnpm/nx@19.4.2/node_modules/nx/src/plugins/package-json-workspaces/create-nodes.js:54:47)
4 error           at exports.createNodes (/Users/leodeng/Documents/LessCode/node_modules/.pnpm/nx@19.4.2/node_modules/nx/src/plugins/package-json-workspaces/create-nodes.js:21:20)
4 error           at /Users/leodeng/Documents/LessCode/node_modules/.pnpm/nx@19.4.2/node_modules/nx/src/project-graph/plugins/utils.js:47:33
4 error           at Array.map (<anonymous>)
4 error           at createNodesFromFiles (/Users/leodeng/Documents/LessCode/node_modules/.pnpm/nx@19.4.2/node_modules/nx/src/project-graph/plugins/utils.js:45:35)
4 error           at LoadedNxPlugin.createNodes (/Users/leodeng/Documents/LessCode/node_modules/.pnpm/nx@19.4.2/node_modules/nx/src/project-graph/plugins/internal-api.js:24:76)
4 error           at LoadedNxPlugin.createNodes.<computed> (/Users/leodeng/Documents/LessCode/node_modules/.pnpm/nx@19.4.2/node_modules/nx/src/project-graph/plugins/internal-api.js:41:34)
